<?xml version="1.0" encoding="UTF-8"?>
<testsuite name="com.capg.mobilegames.controller.MobileGamesControllerTest" tests="4" skipped="0" failures="0" errors="0" timestamp="2022-01-03T10:44:32" hostname="LIN76004070" time="0.367">
  <properties/>
  <testcase name="testGetMobileGame()" classname="com.capg.mobilegames.controller.MobileGamesControllerTest" time="0.205"/>
  <testcase name="testAddMobileGame()" classname="com.capg.mobilegames.controller.MobileGamesControllerTest" time="0.008"/>
  <testcase name="testGetMobileGame()" classname="com.capg.mobilegames.controller.MobileGamesControllerTest" time="0.005"/>
  <testcase name="testAddMobileGame()" classname="com.capg.mobilegames.controller.MobileGamesControllerTest" time="0.003"/>
  <system-out><![CDATA[16:14:32.437 [Test worker] INFO com.capg.mobilegames.utils.MobileGamesConstants - Mobile Games Controller Test: testgetMobileGame method is initialized
16:14:32.492 [Test worker] INFO com.capg.mobilegames.utils.MobileGamesConstants - Mobile Games Controller Test: testgetMobileGame method is executed
16:14:32.509 [Test worker] INFO com.capg.mobilegames.utils.MobileGamesConstants - Mobile Games Controller Test: testaddMobileGame method is initialized
16:14:32.515 [Test worker] INFO com.capg.mobilegames.utils.MobileGamesConstants - Mobile Games Controller Test: testaddMobileGame method is executed
16:14:32.661 [Test worker] INFO com.capg.mobilegames.utils.MobileGamesConstants - Mobile Games Controller Test: testgetMobileGame method is initialized
16:14:32.663 [Test worker] INFO com.capg.mobilegames.utils.MobileGamesConstants - Mobile Games Controller Test: testgetMobileGame method is executed
16:14:32.666 [Test worker] INFO com.capg.mobilegames.utils.MobileGamesConstants - Mobile Games Controller Test: testaddMobileGame method is initialized
16:14:32.667 [Test worker] INFO com.capg.mobilegames.utils.MobileGamesConstants - Mobile Games Controller Test: testaddMobileGame method is executed
]]></system-out>
  <system-err><![CDATA[]]></system-err>
</testsuite>
