<?xml version="1.0" encoding="UTF-8"?>
<testsuite name="com.capg.mobilegames.controller.MobileGamesControllerTest" tests="4" skipped="0" failures="0" errors="0" timestamp="2022-01-03T12:16:12" hostname="LIN76004070" time="0.781">
  <properties/>
  <testcase name="testGetMobileGame()" classname="com.capg.mobilegames.controller.MobileGamesControllerTest" time="0.412"/>
  <testcase name="testAddMobileGame()" classname="com.capg.mobilegames.controller.MobileGamesControllerTest" time="0.006"/>
  <testcase name="testGetMobileGame()" classname="com.capg.mobilegames.controller.MobileGamesControllerTest" time="0.007"/>
  <testcase name="testAddMobileGame()" classname="com.capg.mobilegames.controller.MobileGamesControllerTest" time="0.008"/>
  <system-out><![CDATA[17:46:12.942 [Test worker] INFO com.capg.mobilegames.utils.MobileGamesConstants - Mobile Games Controller Test: testgetMobileGame method is initialized
17:46:13.040 [Test worker] INFO com.capg.mobilegames.utils.MobileGamesConstants - Mobile Games Controller Test: testgetMobileGame method is executed
17:46:13.066 [Test worker] INFO com.capg.mobilegames.utils.MobileGamesConstants - Mobile Games Controller Test: testaddMobileGame method is initialized
17:46:13.069 [Test worker] INFO com.capg.mobilegames.utils.MobileGamesConstants - Mobile Games Controller Test: testaddMobileGame method is executed
17:46:13.414 [Test worker] INFO com.capg.mobilegames.utils.MobileGamesConstants - Mobile Games Controller Test: testgetMobileGame method is initialized
17:46:13.418 [Test worker] INFO com.capg.mobilegames.utils.MobileGamesConstants - Mobile Games Controller Test: testgetMobileGame method is executed
17:46:13.428 [Test worker] INFO com.capg.mobilegames.utils.MobileGamesConstants - Mobile Games Controller Test: testaddMobileGame method is initialized
17:46:13.430 [Test worker] INFO com.capg.mobilegames.utils.MobileGamesConstants - Mobile Games Controller Test: testaddMobileGame method is executed
]]></system-out>
  <system-err><![CDATA[]]></system-err>
</testsuite>
